{"C:\\Users\\Acer\\Downloads\\BEJS2_KM 7_Zefanya Diego Forlandicco_Challenge Chapter 4\\app.js": {"path":"C:\\Users\\Acer\\Downloads\\BEJS2_KM 7_Zefanya Diego Forlandicco_Challenge Chapter 4\\app.js","statementMap":{"0":{"start":{"line":1,"column":16},"end":{"line":1,"column":34}},"1":{"start":{"line":2,"column":25},"end":{"line":2,"column":50}},"2":{"start":{"line":3,"column":13},"end":{"line":3,"column":28}},"3":{"start":{"line":4,"column":19},"end":{"line":4,"column":49}},"4":{"start":{"line":5,"column":22},"end":{"line":5,"column":55}},"5":{"start":{"line":6,"column":26},"end":{"line":6,"column":63}},"6":{"start":{"line":7,"column":19},"end":{"line":7,"column":41}},"7":{"start":{"line":8,"column":20},"end":{"line":8,"column":45}},"8":{"start":{"line":9,"column":18},"end":{"line":9,"column":47}},"9":{"start":{"line":10,"column":21},"end":{"line":10,"column":45}},"10":{"start":{"line":12,"column":12},"end":{"line":12,"column":21}},"11":{"start":{"line":13,"column":15},"end":{"line":13,"column":33}},"12":{"start":{"line":16,"column":0},"end":{"line":16,"column":24}},"13":{"start":{"line":17,"column":0},"end":{"line":17,"column":48}},"14":{"start":{"line":18,"column":0},"end":{"line":18,"column":24}},"15":{"start":{"line":19,"column":0},"end":{"line":19,"column":64}},"16":{"start":{"line":21,"column":0},"end":{"line":21,"column":27}},"17":{"start":{"line":22,"column":0},"end":{"line":22,"column":30}},"18":{"start":{"line":23,"column":0},"end":{"line":23,"column":48}},"19":{"start":{"line":26,"column":0},"end":{"line":26,"column":45}},"20":{"start":{"line":27,"column":0},"end":{"line":27,"column":31}},"21":{"start":{"line":28,"column":0},"end":{"line":28,"column":34}},"22":{"start":{"line":29,"column":0},"end":{"line":29,"column":38}},"23":{"start":{"line":32,"column":13},"end":{"line":32,"column":37}},"24":{"start":{"line":33,"column":15},"end":{"line":35,"column":2}},"25":{"start":{"line":34,"column":4},"end":{"line":34,"column":63}},"26":{"start":{"line":38,"column":0},"end":{"line":38,"column":33}}},"fnMap":{"0":{"name":"(anonymous_0)","decl":{"start":{"line":33,"column":32},"end":{"line":33,"column":33}},"loc":{"start":{"line":33,"column":38},"end":{"line":35,"column":1}},"line":33}},"branchMap":{"0":{"loc":{"start":{"line":32,"column":13},"end":{"line":32,"column":37}},"type":"binary-expr","locations":[{"start":{"line":32,"column":13},"end":{"line":32,"column":29}},{"start":{"line":32,"column":33},"end":{"line":32,"column":37}}],"line":32}},"s":{"0":3,"1":3,"2":3,"3":3,"4":3,"5":3,"6":3,"7":3,"8":3,"9":3,"10":3,"11":3,"12":3,"13":3,"14":3,"15":3,"16":3,"17":3,"18":3,"19":3,"20":3,"21":3,"22":3,"23":3,"24":3,"25":3,"26":3},"f":{"0":3},"b":{"0":[3,3]},"_coverageSchema":"1a1c01bbd47fc00a2c39e90264f33305004495a9","hash":"9c37f464baa26e61569fb0b51954bec297b4f045"}
,"C:\\Users\\Acer\\Downloads\\BEJS2_KM 7_Zefanya Diego Forlandicco_Challenge Chapter 4\\controllers\\accountController.js": {"path":"C:\\Users\\Acer\\Downloads\\BEJS2_KM 7_Zefanya Diego Forlandicco_Challenge Chapter 4\\controllers\\accountController.js","statementMap":{"0":{"start":{"line":1,"column":25},"end":{"line":1,"column":50}},"1":{"start":{"line":2,"column":15},"end":{"line":2,"column":33}},"2":{"start":{"line":4,"column":19},"end":{"line":57,"column":1}},"3":{"start":{"line":5,"column":65},"end":{"line":5,"column":73}},"4":{"start":{"line":7,"column":4},"end":{"line":56,"column":5}},"5":{"start":{"line":8,"column":29},"end":{"line":10,"column":10}},"6":{"start":{"line":11,"column":32},"end":{"line":18,"column":10}},"7":{"start":{"line":19,"column":8},"end":{"line":21,"column":9}},"8":{"start":{"line":20,"column":12},"end":{"line":20,"column":50}},"9":{"start":{"line":23,"column":8},"end":{"line":28,"column":9}},"10":{"start":{"line":24,"column":12},"end":{"line":27,"column":15}},"11":{"start":{"line":30,"column":24},"end":{"line":37,"column":10}},"12":{"start":{"line":39,"column":8},"end":{"line":49,"column":11}},"13":{"start":{"line":51,"column":34},"end":{"line":51,"column":58}},"14":{"start":{"line":52,"column":8},"end":{"line":55,"column":11}},"15":{"start":{"line":59,"column":20},"end":{"line":66,"column":1}},"16":{"start":{"line":60,"column":25},"end":{"line":60,"column":60}},"17":{"start":{"line":61,"column":8},"end":{"line":65,"column":11}},"18":{"start":{"line":69,"column":23},"end":{"line":92,"column":1}},"19":{"start":{"line":70,"column":26},"end":{"line":70,"column":36}},"20":{"start":{"line":71,"column":4},"end":{"line":91,"column":5}},"21":{"start":{"line":72,"column":24},"end":{"line":74,"column":10}},"22":{"start":{"line":76,"column":8},"end":{"line":78,"column":9}},"23":{"start":{"line":77,"column":12},"end":{"line":77,"column":50}},"24":{"start":{"line":80,"column":8},"end":{"line":84,"column":11}},"25":{"start":{"line":86,"column":34},"end":{"line":86,"column":58}},"26":{"start":{"line":87,"column":8},"end":{"line":90,"column":11}},"27":{"start":{"line":95,"column":22},"end":{"line":129,"column":1}},"28":{"start":{"line":96,"column":26},"end":{"line":96,"column":36}},"29":{"start":{"line":97,"column":56},"end":{"line":97,"column":64}},"30":{"start":{"line":99,"column":4},"end":{"line":128,"column":5}},"31":{"start":{"line":100,"column":24},"end":{"line":102,"column":10}},"32":{"start":{"line":104,"column":8},"end":{"line":106,"column":9}},"33":{"start":{"line":105,"column":12},"end":{"line":105,"column":50}},"34":{"start":{"line":108,"column":31},"end":{"line":115,"column":10}},"35":{"start":{"line":117,"column":8},"end":{"line":121,"column":11}},"36":{"start":{"line":123,"column":34},"end":{"line":123,"column":58}},"37":{"start":{"line":124,"column":8},"end":{"line":127,"column":11}},"38":{"start":{"line":132,"column":22},"end":{"line":159,"column":1}},"39":{"start":{"line":133,"column":26},"end":{"line":133,"column":36}},"40":{"start":{"line":135,"column":4},"end":{"line":158,"column":5}},"41":{"start":{"line":137,"column":32},"end":{"line":139,"column":10}},"42":{"start":{"line":141,"column":8},"end":{"line":144,"column":9}},"43":{"start":{"line":142,"column":12},"end":{"line":142,"column":50}},"44":{"start":{"line":147,"column":8},"end":{"line":147,"column":80}},"45":{"start":{"line":148,"column":8},"end":{"line":151,"column":11}},"46":{"start":{"line":153,"column":34},"end":{"line":153,"column":58}},"47":{"start":{"line":154,"column":8},"end":{"line":157,"column":11}},"48":{"start":{"line":162,"column":0},"end":{"line":168,"column":2}}},"fnMap":{"0":{"name":"(anonymous_0)","decl":{"start":{"line":4,"column":19},"end":{"line":4,"column":20}},"loc":{"start":{"line":4,"column":39},"end":{"line":57,"column":1}},"line":4},"1":{"name":"(anonymous_1)","decl":{"start":{"line":59,"column":20},"end":{"line":59,"column":21}},"loc":{"start":{"line":59,"column":40},"end":{"line":66,"column":1}},"line":59},"2":{"name":"(anonymous_2)","decl":{"start":{"line":69,"column":23},"end":{"line":69,"column":24}},"loc":{"start":{"line":69,"column":43},"end":{"line":92,"column":1}},"line":69},"3":{"name":"(anonymous_3)","decl":{"start":{"line":95,"column":22},"end":{"line":95,"column":23}},"loc":{"start":{"line":95,"column":42},"end":{"line":129,"column":1}},"line":95},"4":{"name":"(anonymous_4)","decl":{"start":{"line":132,"column":22},"end":{"line":132,"column":23}},"loc":{"start":{"line":132,"column":42},"end":{"line":159,"column":1}},"line":132}},"branchMap":{"0":{"loc":{"start":{"line":19,"column":8},"end":{"line":21,"column":9}},"type":"if","locations":[{"start":{"line":19,"column":8},"end":{"line":21,"column":9}},{"start":{},"end":{}}],"line":19},"1":{"loc":{"start":{"line":23,"column":8},"end":{"line":28,"column":9}},"type":"if","locations":[{"start":{"line":23,"column":8},"end":{"line":28,"column":9}},{"start":{},"end":{}}],"line":23},"2":{"loc":{"start":{"line":76,"column":8},"end":{"line":78,"column":9}},"type":"if","locations":[{"start":{"line":76,"column":8},"end":{"line":78,"column":9}},{"start":{},"end":{}}],"line":76},"3":{"loc":{"start":{"line":104,"column":8},"end":{"line":106,"column":9}},"type":"if","locations":[{"start":{"line":104,"column":8},"end":{"line":106,"column":9}},{"start":{},"end":{}}],"line":104},"4":{"loc":{"start":{"line":111,"column":20},"end":{"line":111,"column":46}},"type":"binary-expr","locations":[{"start":{"line":111,"column":20},"end":{"line":111,"column":29}},{"start":{"line":111,"column":33},"end":{"line":111,"column":46}}],"line":111},"5":{"loc":{"start":{"line":112,"column":20},"end":{"line":112,"column":66}},"type":"binary-expr","locations":[{"start":{"line":112,"column":20},"end":{"line":112,"column":39}},{"start":{"line":112,"column":43},"end":{"line":112,"column":66}}],"line":112},"6":{"loc":{"start":{"line":113,"column":20},"end":{"line":113,"column":42}},"type":"binary-expr","locations":[{"start":{"line":113,"column":20},"end":{"line":113,"column":27}},{"start":{"line":113,"column":31},"end":{"line":113,"column":42}}],"line":113},"7":{"loc":{"start":{"line":141,"column":8},"end":{"line":144,"column":9}},"type":"if","locations":[{"start":{"line":141,"column":8},"end":{"line":144,"column":9}},{"start":{},"end":{}}],"line":141}},"s":{"0":3,"1":3,"2":3,"3":6,"4":6,"5":6,"6":6,"7":6,"8":1,"9":5,"10":1,"11":4,"12":4,"13":1,"14":1,"15":3,"16":1,"17":1,"18":3,"19":2,"20":2,"21":2,"22":2,"23":1,"24":1,"25":1,"26":1,"27":3,"28":3,"29":3,"30":3,"31":3,"32":3,"33":1,"34":2,"35":2,"36":1,"37":1,"38":3,"39":2,"40":2,"41":2,"42":2,"43":1,"44":1,"45":1,"46":1,"47":1,"48":3},"f":{"0":6,"1":1,"2":2,"3":3,"4":2},"b":{"0":[1,5],"1":[1,4],"2":[1,1],"3":[1,2],"4":[2,1],"5":[2,1],"6":[2,2],"7":[1,1]},"_coverageSchema":"1a1c01bbd47fc00a2c39e90264f33305004495a9","hash":"ffbdf5d257964790535988d33297ccdd97f70f7a"}
,"C:\\Users\\Acer\\Downloads\\BEJS2_KM 7_Zefanya Diego Forlandicco_Challenge Chapter 4\\controllers\\authController.js": {"path":"C:\\Users\\Acer\\Downloads\\BEJS2_KM 7_Zefanya Diego Forlandicco_Challenge Chapter 4\\controllers\\authController.js","statementMap":{"0":{"start":{"line":1,"column":25},"end":{"line":1,"column":50}},"1":{"start":{"line":2,"column":12},"end":{"line":2,"column":35}},"2":{"start":{"line":3,"column":15},"end":{"line":3,"column":32}},"3":{"start":{"line":4,"column":17},"end":{"line":4,"column":51}},"4":{"start":{"line":6,"column":0},"end":{"line":6,"column":27}},"5":{"start":{"line":8,"column":15},"end":{"line":8,"column":33}},"6":{"start":{"line":10,"column":17},"end":{"line":36,"column":1}},"7":{"start":{"line":11,"column":79},"end":{"line":11,"column":87}},"8":{"start":{"line":13,"column":4},"end":{"line":35,"column":5}},"9":{"start":{"line":14,"column":31},"end":{"line":14,"column":62}},"10":{"start":{"line":17,"column":21},"end":{"line":30,"column":10}},"11":{"start":{"line":31,"column":8},"end":{"line":31,"column":31}},"12":{"start":{"line":33,"column":8},"end":{"line":33,"column":29}},"13":{"start":{"line":34,"column":8},"end":{"line":34,"column":67}},"14":{"start":{"line":39,"column":14},"end":{"line":63,"column":1}},"15":{"start":{"line":40,"column":32},"end":{"line":40,"column":40}},"16":{"start":{"line":42,"column":4},"end":{"line":62,"column":5}},"17":{"start":{"line":43,"column":21},"end":{"line":45,"column":10}},"18":{"start":{"line":47,"column":8},"end":{"line":58,"column":9}},"19":{"start":{"line":48,"column":26},"end":{"line":48,"column":92}},"20":{"start":{"line":49,"column":12},"end":{"line":49,"column":106}},"21":{"start":{"line":51,"column":12},"end":{"line":53,"column":13}},"22":{"start":{"line":52,"column":16},"end":{"line":52,"column":43}},"23":{"start":{"line":55,"column":12},"end":{"line":55,"column":46}},"24":{"start":{"line":57,"column":12},"end":{"line":57,"column":53}},"25":{"start":{"line":60,"column":8},"end":{"line":60,"column":29}},"26":{"start":{"line":61,"column":8},"end":{"line":61,"column":74}},"27":{"start":{"line":65,"column":18},"end":{"line":67,"column":1}},"28":{"start":{"line":66,"column":4},"end":{"line":66,"column":48}},"29":{"start":{"line":71,"column":0},"end":{"line":76,"column":2}}},"fnMap":{"0":{"name":"(anonymous_0)","decl":{"start":{"line":10,"column":17},"end":{"line":10,"column":18}},"loc":{"start":{"line":10,"column":37},"end":{"line":36,"column":1}},"line":10},"1":{"name":"(anonymous_1)","decl":{"start":{"line":39,"column":14},"end":{"line":39,"column":15}},"loc":{"start":{"line":39,"column":34},"end":{"line":63,"column":1}},"line":39},"2":{"name":"(anonymous_2)","decl":{"start":{"line":65,"column":18},"end":{"line":65,"column":19}},"loc":{"start":{"line":65,"column":32},"end":{"line":67,"column":1}},"line":65}},"branchMap":{"0":{"loc":{"start":{"line":47,"column":8},"end":{"line":58,"column":9}},"type":"if","locations":[{"start":{"line":47,"column":8},"end":{"line":58,"column":9}},{"start":{"line":56,"column":15},"end":{"line":58,"column":9}}],"line":47},"1":{"loc":{"start":{"line":47,"column":12},"end":{"line":47,"column":65}},"type":"binary-expr","locations":[{"start":{"line":47,"column":12},"end":{"line":47,"column":16}},{"start":{"line":47,"column":20},"end":{"line":47,"column":65}}],"line":47},"2":{"loc":{"start":{"line":51,"column":12},"end":{"line":53,"column":13}},"type":"if","locations":[{"start":{"line":51,"column":12},"end":{"line":53,"column":13}},{"start":{},"end":{}}],"line":51},"3":{"loc":{"start":{"line":51,"column":16},"end":{"line":51,"column":79}},"type":"binary-expr","locations":[{"start":{"line":51,"column":16},"end":{"line":51,"column":23}},{"start":{"line":51,"column":27},"end":{"line":51,"column":79}}],"line":51}},"s":{"0":3,"1":3,"2":3,"3":3,"4":3,"5":3,"6":3,"7":0,"8":0,"9":0,"10":0,"11":0,"12":0,"13":0,"14":3,"15":0,"16":0,"17":0,"18":0,"19":0,"20":0,"21":0,"22":0,"23":0,"24":0,"25":0,"26":0,"27":3,"28":0,"29":3},"f":{"0":0,"1":0,"2":0},"b":{"0":[0,0],"1":[0,0],"2":[0,0],"3":[0,0]},"_coverageSchema":"1a1c01bbd47fc00a2c39e90264f33305004495a9","hash":"6f503b478c339036a85c323a4f396bd02205fd7d"}
,"C:\\Users\\Acer\\Downloads\\BEJS2_KM 7_Zefanya Diego Forlandicco_Challenge Chapter 4\\controllers\\transactionController.js": {"path":"C:\\Users\\Acer\\Downloads\\BEJS2_KM 7_Zefanya Diego Forlandicco_Challenge Chapter 4\\controllers\\transactionController.js","statementMap":{"0":{"start":{"line":1,"column":25},"end":{"line":1,"column":50}},"1":{"start":{"line":2,"column":15},"end":{"line":2,"column":33}},"2":{"start":{"line":5,"column":26},"end":{"line":62,"column":1}},"3":{"start":{"line":6,"column":31},"end":{"line":6,"column":71}},"4":{"start":{"line":7,"column":36},"end":{"line":7,"column":81}},"5":{"start":{"line":8,"column":22},"end":{"line":8,"column":51}},"6":{"start":{"line":10,"column":4},"end":{"line":61,"column":5}},"7":{"start":{"line":11,"column":52},"end":{"line":14,"column":10}},"8":{"start":{"line":16,"column":8},"end":{"line":18,"column":9}},"9":{"start":{"line":17,"column":12},"end":{"line":17,"column":86}},"10":{"start":{"line":19,"column":8},"end":{"line":22,"column":9}},"11":{"start":{"line":20,"column":12},"end":{"line":20,"column":74}},"12":{"start":{"line":25,"column":8},"end":{"line":28,"column":9}},"13":{"start":{"line":26,"column":12},"end":{"line":26,"column":55}},"14":{"start":{"line":31,"column":8},"end":{"line":34,"column":11}},"15":{"start":{"line":36,"column":8},"end":{"line":39,"column":11}},"16":{"start":{"line":42,"column":28},"end":{"line":48,"column":10}},"17":{"start":{"line":50,"column":8},"end":{"line":54,"column":11}},"18":{"start":{"line":56,"column":34},"end":{"line":56,"column":58}},"19":{"start":{"line":57,"column":8},"end":{"line":60,"column":11}},"20":{"start":{"line":66,"column":24},"end":{"line":73,"column":1}},"21":{"start":{"line":67,"column":29},"end":{"line":67,"column":64}},"22":{"start":{"line":68,"column":8},"end":{"line":72,"column":11}},"23":{"start":{"line":76,"column":27},"end":{"line":137,"column":1}},"24":{"start":{"line":77,"column":34},"end":{"line":77,"column":44}},"25":{"start":{"line":79,"column":8},"end":{"line":136,"column":9}},"26":{"start":{"line":80,"column":32},"end":{"line":94,"column":14}},"27":{"start":{"line":96,"column":12},"end":{"line":99,"column":13}},"28":{"start":{"line":97,"column":16},"end":{"line":97,"column":59}},"29":{"start":{"line":102,"column":12},"end":{"line":129,"column":15}},"30":{"start":{"line":131,"column":38},"end":{"line":131,"column":62}},"31":{"start":{"line":132,"column":12},"end":{"line":135,"column":15}},"32":{"start":{"line":141,"column":0},"end":{"line":141,"column":76}}},"fnMap":{"0":{"name":"(anonymous_0)","decl":{"start":{"line":5,"column":26},"end":{"line":5,"column":27}},"loc":{"start":{"line":5,"column":46},"end":{"line":62,"column":1}},"line":5},"1":{"name":"(anonymous_1)","decl":{"start":{"line":66,"column":24},"end":{"line":66,"column":25}},"loc":{"start":{"line":66,"column":44},"end":{"line":73,"column":1}},"line":66},"2":{"name":"(anonymous_2)","decl":{"start":{"line":76,"column":27},"end":{"line":76,"column":28}},"loc":{"start":{"line":76,"column":47},"end":{"line":137,"column":1}},"line":76}},"branchMap":{"0":{"loc":{"start":{"line":16,"column":8},"end":{"line":18,"column":9}},"type":"if","locations":[{"start":{"line":16,"column":8},"end":{"line":18,"column":9}},{"start":{},"end":{}}],"line":16},"1":{"loc":{"start":{"line":19,"column":8},"end":{"line":22,"column":9}},"type":"if","locations":[{"start":{"line":19,"column":8},"end":{"line":22,"column":9}},{"start":{},"end":{}}],"line":19},"2":{"loc":{"start":{"line":19,"column":12},"end":{"line":19,"column":49}},"type":"binary-expr","locations":[{"start":{"line":19,"column":12},"end":{"line":19,"column":26}},{"start":{"line":19,"column":30},"end":{"line":19,"column":49}}],"line":19},"3":{"loc":{"start":{"line":25,"column":8},"end":{"line":28,"column":9}},"type":"if","locations":[{"start":{"line":25,"column":8},"end":{"line":28,"column":9}},{"start":{},"end":{}}],"line":25},"4":{"loc":{"start":{"line":96,"column":12},"end":{"line":99,"column":13}},"type":"if","locations":[{"start":{"line":96,"column":12},"end":{"line":99,"column":13}},{"start":{},"end":{}}],"line":96}},"s":{"0":3,"1":3,"2":3,"3":4,"4":4,"5":4,"6":4,"7":4,"8":4,"9":1,"10":3,"11":1,"12":2,"13":1,"14":1,"15":1,"16":1,"17":1,"18":3,"19":3,"20":3,"21":1,"22":1,"23":3,"24":2,"25":2,"26":2,"27":2,"28":1,"29":1,"30":1,"31":1,"32":3},"f":{"0":4,"1":1,"2":2},"b":{"0":[1,3],"1":[1,2],"2":[3,3],"3":[1,1],"4":[1,1]},"_coverageSchema":"1a1c01bbd47fc00a2c39e90264f33305004495a9","hash":"ef75e839513e9206d7fc296a1ded8821d180f321"}
,"C:\\Users\\Acer\\Downloads\\BEJS2_KM 7_Zefanya Diego Forlandicco_Challenge Chapter 4\\controllers\\userController.js": {"path":"C:\\Users\\Acer\\Downloads\\BEJS2_KM 7_Zefanya Diego Forlandicco_Challenge Chapter 4\\controllers\\userController.js","statementMap":{"0":{"start":{"line":1,"column":25},"end":{"line":1,"column":50}},"1":{"start":{"line":2,"column":15},"end":{"line":2,"column":33}},"2":{"start":{"line":3,"column":15},"end":{"line":3,"column":32}},"3":{"start":{"line":7,"column":16},"end":{"line":49,"column":1}},"4":{"start":{"line":8,"column":79},"end":{"line":8,"column":87}},"5":{"start":{"line":10,"column":4},"end":{"line":47,"column":5}},"6":{"start":{"line":11,"column":28},"end":{"line":11,"column":78}},"7":{"start":{"line":12,"column":31},"end":{"line":12,"column":94}},"8":{"start":{"line":14,"column":8},"end":{"line":16,"column":9}},"9":{"start":{"line":15,"column":12},"end":{"line":15,"column":80}},"10":{"start":{"line":18,"column":31},"end":{"line":18,"column":98}},"11":{"start":{"line":20,"column":24},"end":{"line":34,"column":10}},"12":{"start":{"line":36,"column":8},"end":{"line":40,"column":11}},"13":{"start":{"line":42,"column":34},"end":{"line":42,"column":58}},"14":{"start":{"line":43,"column":8},"end":{"line":46,"column":11}},"15":{"start":{"line":52,"column":17},"end":{"line":59,"column":1}},"16":{"start":{"line":53,"column":22},"end":{"line":53,"column":50}},"17":{"start":{"line":54,"column":8},"end":{"line":58,"column":11}},"18":{"start":{"line":62,"column":20},"end":{"line":85,"column":1}},"19":{"start":{"line":63,"column":23},"end":{"line":63,"column":33}},"20":{"start":{"line":64,"column":4},"end":{"line":84,"column":5}},"21":{"start":{"line":65,"column":21},"end":{"line":68,"column":10}},"22":{"start":{"line":70,"column":8},"end":{"line":72,"column":9}},"23":{"start":{"line":71,"column":12},"end":{"line":71,"column":50}},"24":{"start":{"line":74,"column":8},"end":{"line":77,"column":26}},"25":{"start":{"line":79,"column":34},"end":{"line":79,"column":58}},"26":{"start":{"line":80,"column":8},"end":{"line":83,"column":11}},"27":{"start":{"line":88,"column":19},"end":{"line":146,"column":1}},"28":{"start":{"line":89,"column":23},"end":{"line":89,"column":33}},"29":{"start":{"line":90,"column":79},"end":{"line":90,"column":87}},"30":{"start":{"line":92,"column":4},"end":{"line":145,"column":5}},"31":{"start":{"line":93,"column":29},"end":{"line":96,"column":10}},"32":{"start":{"line":98,"column":8},"end":{"line":101,"column":9}},"33":{"start":{"line":99,"column":12},"end":{"line":99,"column":50}},"34":{"start":{"line":103,"column":28},"end":{"line":103,"column":93}},"35":{"start":{"line":104,"column":31},"end":{"line":104,"column":119}},"36":{"start":{"line":106,"column":8},"end":{"line":111,"column":9}},"37":{"start":{"line":110,"column":12},"end":{"line":110,"column":86}},"38":{"start":{"line":113,"column":27},"end":{"line":126,"column":9}},"39":{"start":{"line":128,"column":28},"end":{"line":132,"column":10}},"40":{"start":{"line":134,"column":8},"end":{"line":138,"column":11}},"41":{"start":{"line":140,"column":34},"end":{"line":140,"column":58}},"42":{"start":{"line":141,"column":8},"end":{"line":144,"column":11}},"43":{"start":{"line":150,"column":19},"end":{"line":172,"column":1}},"44":{"start":{"line":151,"column":23},"end":{"line":151,"column":33}},"45":{"start":{"line":153,"column":4},"end":{"line":171,"column":5}},"46":{"start":{"line":154,"column":21},"end":{"line":154,"column":86}},"47":{"start":{"line":155,"column":8},"end":{"line":157,"column":9}},"48":{"start":{"line":156,"column":12},"end":{"line":156,"column":50}},"49":{"start":{"line":159,"column":8},"end":{"line":159,"column":70}},"50":{"start":{"line":160,"column":8},"end":{"line":163,"column":11}},"51":{"start":{"line":166,"column":34},"end":{"line":166,"column":58}},"52":{"start":{"line":167,"column":8},"end":{"line":170,"column":11}},"53":{"start":{"line":174,"column":0},"end":{"line":180,"column":2}}},"fnMap":{"0":{"name":"(anonymous_0)","decl":{"start":{"line":7,"column":16},"end":{"line":7,"column":17}},"loc":{"start":{"line":7,"column":36},"end":{"line":49,"column":1}},"line":7},"1":{"name":"(anonymous_1)","decl":{"start":{"line":52,"column":17},"end":{"line":52,"column":18}},"loc":{"start":{"line":52,"column":37},"end":{"line":59,"column":1}},"line":52},"2":{"name":"(anonymous_2)","decl":{"start":{"line":62,"column":20},"end":{"line":62,"column":21}},"loc":{"start":{"line":62,"column":40},"end":{"line":85,"column":1}},"line":62},"3":{"name":"(anonymous_3)","decl":{"start":{"line":88,"column":19},"end":{"line":88,"column":20}},"loc":{"start":{"line":88,"column":39},"end":{"line":146,"column":1}},"line":88},"4":{"name":"(anonymous_4)","decl":{"start":{"line":150,"column":19},"end":{"line":150,"column":20}},"loc":{"start":{"line":150,"column":39},"end":{"line":172,"column":1}},"line":150}},"branchMap":{"0":{"loc":{"start":{"line":14,"column":8},"end":{"line":16,"column":9}},"type":"if","locations":[{"start":{"line":14,"column":8},"end":{"line":16,"column":9}},{"start":{},"end":{}}],"line":14},"1":{"loc":{"start":{"line":14,"column":12},"end":{"line":14,"column":41}},"type":"binary-expr","locations":[{"start":{"line":14,"column":12},"end":{"line":14,"column":23}},{"start":{"line":14,"column":27},"end":{"line":14,"column":41}}],"line":14},"2":{"loc":{"start":{"line":70,"column":8},"end":{"line":72,"column":9}},"type":"if","locations":[{"start":{"line":70,"column":8},"end":{"line":72,"column":9}},{"start":{},"end":{}}],"line":70},"3":{"loc":{"start":{"line":98,"column":8},"end":{"line":101,"column":9}},"type":"if","locations":[{"start":{"line":98,"column":8},"end":{"line":101,"column":9}},{"start":{},"end":{}}],"line":98},"4":{"loc":{"start":{"line":103,"column":28},"end":{"line":103,"column":93}},"type":"cond-expr","locations":[{"start":{"line":103,"column":36},"end":{"line":103,"column":86}},{"start":{"line":103,"column":89},"end":{"line":103,"column":93}}],"line":103},"5":{"loc":{"start":{"line":104,"column":31},"end":{"line":104,"column":119}},"type":"cond-expr","locations":[{"start":{"line":104,"column":49},"end":{"line":104,"column":112}},{"start":{"line":104,"column":115},"end":{"line":104,"column":119}}],"line":104},"6":{"loc":{"start":{"line":106,"column":8},"end":{"line":111,"column":9}},"type":"if","locations":[{"start":{"line":106,"column":8},"end":{"line":111,"column":9}},{"start":{},"end":{}}],"line":106},"7":{"loc":{"start":{"line":107,"column":12},"end":{"line":108,"column":87}},"type":"binary-expr","locations":[{"start":{"line":107,"column":13},"end":{"line":107,"column":24}},{"start":{"line":107,"column":28},"end":{"line":107,"column":62}},{"start":{"line":108,"column":13},"end":{"line":108,"column":27}},{"start":{"line":108,"column":31},"end":{"line":108,"column":86}}],"line":107},"8":{"loc":{"start":{"line":114,"column":16},"end":{"line":114,"column":32}},"type":"binary-expr","locations":[{"start":{"line":114,"column":16},"end":{"line":114,"column":20}},{"start":{"line":114,"column":24},"end":{"line":114,"column":32}}],"line":114},"9":{"loc":{"start":{"line":115,"column":16},"end":{"line":115,"column":34}},"type":"binary-expr","locations":[{"start":{"line":115,"column":16},"end":{"line":115,"column":21}},{"start":{"line":115,"column":25},"end":{"line":115,"column":34}}],"line":115},"10":{"loc":{"start":{"line":116,"column":16},"end":{"line":116,"column":109}},"type":"binary-expr","locations":[{"start":{"line":116,"column":16},"end":{"line":116,"column":24}},{"start":{"line":116,"column":28},"end":{"line":116,"column":109}}],"line":116},"11":{"loc":{"start":{"line":117,"column":16},"end":{"line":125,"column":18}},"type":"cond-expr","locations":[{"start":{"line":117,"column":62},"end":{"line":125,"column":13}},{"start":{"line":125,"column":16},"end":{"line":125,"column":18}}],"line":117},"12":{"loc":{"start":{"line":117,"column":16},"end":{"line":117,"column":59}},"type":"binary-expr","locations":[{"start":{"line":117,"column":16},"end":{"line":117,"column":29}},{"start":{"line":117,"column":33},"end":{"line":117,"column":48}},{"start":{"line":117,"column":52},"end":{"line":117,"column":59}}],"line":117},"13":{"loc":{"start":{"line":120,"column":28},"end":{"line":120,"column":62}},"type":"binary-expr","locations":[{"start":{"line":120,"column":28},"end":{"line":120,"column":41}},{"start":{"line":120,"column":45},"end":{"line":120,"column":62}}],"line":120},"14":{"loc":{"start":{"line":121,"column":28},"end":{"line":121,"column":66}},"type":"binary-expr","locations":[{"start":{"line":121,"column":28},"end":{"line":121,"column":43}},{"start":{"line":121,"column":47},"end":{"line":121,"column":66}}],"line":121},"15":{"loc":{"start":{"line":122,"column":28},"end":{"line":122,"column":50}},"type":"binary-expr","locations":[{"start":{"line":122,"column":28},"end":{"line":122,"column":35}},{"start":{"line":122,"column":39},"end":{"line":122,"column":50}}],"line":122},"16":{"loc":{"start":{"line":155,"column":8},"end":{"line":157,"column":9}},"type":"if","locations":[{"start":{"line":155,"column":8},"end":{"line":157,"column":9}},{"start":{},"end":{}}],"line":155}},"s":{"0":3,"1":3,"2":3,"3":3,"4":5,"5":5,"6":5,"7":5,"8":5,"9":1,"10":4,"11":4,"12":4,"13":1,"14":1,"15":3,"16":1,"17":1,"18":3,"19":2,"20":2,"21":2,"22":2,"23":1,"24":1,"25":1,"26":1,"27":3,"28":5,"29":5,"30":5,"31":5,"32":5,"33":1,"34":4,"35":4,"36":4,"37":2,"38":2,"39":2,"40":2,"41":3,"42":3,"43":3,"44":2,"45":2,"46":2,"47":2,"48":1,"49":1,"50":1,"51":1,"52":1,"53":3},"f":{"0":5,"1":1,"2":2,"3":5,"4":2},"b":{"0":[1,4],"1":[5,4],"2":[1,1],"3":[1,4],"4":[3,1],"5":[3,1],"6":[2,2],"7":[4,2,3,1],"8":[2,2],"9":[2,1],"10":[2,1],"11":[1,1],"12":[2,1,1],"13":[1,1],"14":[1,1],"15":[1,1],"16":[1,1]},"_coverageSchema":"1a1c01bbd47fc00a2c39e90264f33305004495a9","hash":"5ee6e1e455d4a962d58156d6ea932bdd6bf3b020"}
,"C:\\Users\\Acer\\Downloads\\BEJS2_KM 7_Zefanya Diego Forlandicco_Challenge Chapter 4\\middlewares\\restrict.js": {"path":"C:\\Users\\Acer\\Downloads\\BEJS2_KM 7_Zefanya Diego Forlandicco_Challenge Chapter 4\\middlewares\\restrict.js","statementMap":{"0":{"start":{"line":1,"column":12},"end":{"line":1,"column":35}},"1":{"start":{"line":3,"column":17},"end":{"line":12,"column":1}},"2":{"start":{"line":4,"column":18},"end":{"line":4,"column":35}},"3":{"start":{"line":5,"column":4},"end":{"line":5,"column":60}},"4":{"start":{"line":5,"column":16},"end":{"line":5,"column":60}},"5":{"start":{"line":7,"column":4},"end":{"line":11,"column":7}},"6":{"start":{"line":8,"column":8},"end":{"line":8,"column":66}},"7":{"start":{"line":8,"column":17},"end":{"line":8,"column":66}},"8":{"start":{"line":9,"column":8},"end":{"line":9,"column":24}},"9":{"start":{"line":10,"column":8},"end":{"line":10,"column":15}},"10":{"start":{"line":14,"column":0},"end":{"line":14,"column":26}}},"fnMap":{"0":{"name":"(anonymous_0)","decl":{"start":{"line":3,"column":17},"end":{"line":3,"column":18}},"loc":{"start":{"line":3,"column":37},"end":{"line":12,"column":1}},"line":3},"1":{"name":"(anonymous_1)","decl":{"start":{"line":7,"column":46},"end":{"line":7,"column":47}},"loc":{"start":{"line":7,"column":61},"end":{"line":11,"column":5}},"line":7}},"branchMap":{"0":{"loc":{"start":{"line":5,"column":4},"end":{"line":5,"column":60}},"type":"if","locations":[{"start":{"line":5,"column":4},"end":{"line":5,"column":60}},{"start":{},"end":{}}],"line":5},"1":{"loc":{"start":{"line":8,"column":8},"end":{"line":8,"column":66}},"type":"if","locations":[{"start":{"line":8,"column":8},"end":{"line":8,"column":66}},{"start":{},"end":{}}],"line":8}},"s":{"0":3,"1":3,"2":0,"3":0,"4":0,"5":0,"6":0,"7":0,"8":0,"9":0,"10":3},"f":{"0":0,"1":0},"b":{"0":[0,0],"1":[0,0]},"_coverageSchema":"1a1c01bbd47fc00a2c39e90264f33305004495a9","hash":"6f09da989079f24ee3f46a3adbd6cf71498f3724"}
,"C:\\Users\\Acer\\Downloads\\BEJS2_KM 7_Zefanya Diego Forlandicco_Challenge Chapter 4\\routes\\accountRoutes.js": {"path":"C:\\Users\\Acer\\Downloads\\BEJS2_KM 7_Zefanya Diego Forlandicco_Challenge Chapter 4\\routes\\accountRoutes.js","statementMap":{"0":{"start":{"line":1,"column":16},"end":{"line":1,"column":34}},"1":{"start":{"line":2,"column":82},"end":{"line":2,"column":125}},"2":{"start":{"line":4,"column":15},"end":{"line":4,"column":31}},"3":{"start":{"line":6,"column":0},"end":{"line":6,"column":37}},"4":{"start":{"line":7,"column":0},"end":{"line":7,"column":37}},"5":{"start":{"line":8,"column":0},"end":{"line":8,"column":51}},"6":{"start":{"line":9,"column":0},"end":{"line":9,"column":50}},"7":{"start":{"line":10,"column":0},"end":{"line":10,"column":53}},"8":{"start":{"line":12,"column":0},"end":{"line":12,"column":24}}},"fnMap":{},"branchMap":{},"s":{"0":3,"1":3,"2":3,"3":3,"4":3,"5":3,"6":3,"7":3,"8":3},"f":{},"b":{},"_coverageSchema":"1a1c01bbd47fc00a2c39e90264f33305004495a9","hash":"93a821ebc00992001ef04982290452b716466b86"}
,"C:\\Users\\Acer\\Downloads\\BEJS2_KM 7_Zefanya Diego Forlandicco_Challenge Chapter 4\\routes\\authRoutes.js": {"path":"C:\\Users\\Acer\\Downloads\\BEJS2_KM 7_Zefanya Diego Forlandicco_Challenge Chapter 4\\routes\\authRoutes.js","statementMap":{"0":{"start":{"line":1,"column":16},"end":{"line":1,"column":34}},"1":{"start":{"line":2,"column":39},"end":{"line":2,"column":79}},"2":{"start":{"line":3,"column":15},"end":{"line":3,"column":31}},"3":{"start":{"line":4,"column":17},"end":{"line":4,"column":51}},"4":{"start":{"line":8,"column":0},"end":{"line":10,"column":3}},"5":{"start":{"line":9,"column":4},"end":{"line":9,"column":27}},"6":{"start":{"line":12,"column":0},"end":{"line":12,"column":35}},"7":{"start":{"line":15,"column":0},"end":{"line":17,"column":3}},"8":{"start":{"line":16,"column":4},"end":{"line":16,"column":24}},"9":{"start":{"line":19,"column":0},"end":{"line":19,"column":29}},"10":{"start":{"line":20,"column":0},"end":{"line":20,"column":46}},"11":{"start":{"line":22,"column":0},"end":{"line":25,"column":3}},"12":{"start":{"line":23,"column":4},"end":{"line":23,"column":29}},"13":{"start":{"line":24,"column":4},"end":{"line":24,"column":27}},"14":{"start":{"line":27,"column":0},"end":{"line":27,"column":24}}},"fnMap":{"0":{"name":"(anonymous_0)","decl":{"start":{"line":8,"column":24},"end":{"line":8,"column":25}},"loc":{"start":{"line":8,"column":38},"end":{"line":10,"column":1}},"line":8},"1":{"name":"(anonymous_1)","decl":{"start":{"line":15,"column":21},"end":{"line":15,"column":22}},"loc":{"start":{"line":15,"column":35},"end":{"line":17,"column":1}},"line":15},"2":{"name":"(anonymous_2)","decl":{"start":{"line":22,"column":22},"end":{"line":22,"column":23}},"loc":{"start":{"line":22,"column":36},"end":{"line":25,"column":1}},"line":22}},"branchMap":{},"s":{"0":3,"1":3,"2":3,"3":3,"4":3,"5":0,"6":3,"7":3,"8":0,"9":3,"10":3,"11":3,"12":0,"13":0,"14":3},"f":{"0":0,"1":0,"2":0},"b":{},"_coverageSchema":"1a1c01bbd47fc00a2c39e90264f33305004495a9","hash":"4d47fad6d5028731576b4306bb5dedee0047c6b7"}
,"C:\\Users\\Acer\\Downloads\\BEJS2_KM 7_Zefanya Diego Forlandicco_Challenge Chapter 4\\routes\\transactionRoutes.js": {"path":"C:\\Users\\Acer\\Downloads\\BEJS2_KM 7_Zefanya Diego Forlandicco_Challenge Chapter 4\\routes\\transactionRoutes.js","statementMap":{"0":{"start":{"line":1,"column":16},"end":{"line":1,"column":34}},"1":{"start":{"line":2,"column":105},"end":{"line":2,"column":152}},"2":{"start":{"line":4,"column":15},"end":{"line":4,"column":31}},"3":{"start":{"line":6,"column":0},"end":{"line":6,"column":48}},"4":{"start":{"line":7,"column":0},"end":{"line":7,"column":45}},"5":{"start":{"line":8,"column":0},"end":{"line":8,"column":63}},"6":{"start":{"line":10,"column":0},"end":{"line":10,"column":24}}},"fnMap":{},"branchMap":{},"s":{"0":3,"1":3,"2":3,"3":3,"4":3,"5":3,"6":3},"f":{},"b":{},"_coverageSchema":"1a1c01bbd47fc00a2c39e90264f33305004495a9","hash":"34132bae0c9585487285567a8092415c1518a39f"}
,"C:\\Users\\Acer\\Downloads\\BEJS2_KM 7_Zefanya Diego Forlandicco_Challenge Chapter 4\\routes\\userRoutes.js": {"path":"C:\\Users\\Acer\\Downloads\\BEJS2_KM 7_Zefanya Diego Forlandicco_Challenge Chapter 4\\routes\\userRoutes.js","statementMap":{"0":{"start":{"line":1,"column":16},"end":{"line":1,"column":34}},"1":{"start":{"line":2,"column":67},"end":{"line":2,"column":107}},"2":{"start":{"line":4,"column":15},"end":{"line":4,"column":31}},"3":{"start":{"line":6,"column":0},"end":{"line":6,"column":31}},"4":{"start":{"line":7,"column":0},"end":{"line":7,"column":31}},"5":{"start":{"line":8,"column":0},"end":{"line":8,"column":42}},"6":{"start":{"line":9,"column":0},"end":{"line":9,"column":41}},"7":{"start":{"line":10,"column":0},"end":{"line":10,"column":44}},"8":{"start":{"line":12,"column":0},"end":{"line":12,"column":24}}},"fnMap":{},"branchMap":{},"s":{"0":3,"1":3,"2":3,"3":3,"4":3,"5":3,"6":3,"7":3,"8":3},"f":{},"b":{},"_coverageSchema":"1a1c01bbd47fc00a2c39e90264f33305004495a9","hash":"5726a0d0c7bac69436c504f3dc7aca592d2ccb5c"}
}
