TN:
SF:app.js
FN:33,(anonymous_0)
FNF:1
FNH:1
FNDA:3,(anonymous_0)
DA:1,3
DA:2,3
DA:3,3
DA:4,3
DA:5,3
DA:6,3
DA:7,3
DA:8,3
DA:9,3
DA:10,3
DA:12,3
DA:13,3
DA:16,3
DA:17,3
DA:18,3
DA:19,3
DA:21,3
DA:22,3
DA:23,3
DA:26,3
DA:27,3
DA:28,3
DA:29,3
DA:32,3
DA:33,3
DA:34,3
DA:38,3
LF:27
LH:27
BRDA:32,0,0,3
BRDA:32,0,1,3
BRF:2
BRH:2
end_of_record
TN:
SF:controllers\accountController.js
FN:4,(anonymous_0)
FN:59,(anonymous_1)
FN:69,(anonymous_2)
FN:95,(anonymous_3)
FN:132,(anonymous_4)
FNF:5
FNH:5
FNDA:6,(anonymous_0)
FNDA:1,(anonymous_1)
FNDA:2,(anonymous_2)
FNDA:3,(anonymous_3)
FNDA:2,(anonymous_4)
DA:1,3
DA:2,3
DA:4,3
DA:5,6
DA:7,6
DA:8,6
DA:11,6
DA:19,6
DA:20,1
DA:23,5
DA:24,1
DA:30,4
DA:39,4
DA:51,1
DA:52,1
DA:59,3
DA:60,1
DA:61,1
DA:69,3
DA:70,2
DA:71,2
DA:72,2
DA:76,2
DA:77,1
DA:80,1
DA:86,1
DA:87,1
DA:95,3
DA:96,3
DA:97,3
DA:99,3
DA:100,3
DA:104,3
DA:105,1
DA:108,2
DA:117,2
DA:123,1
DA:124,1
DA:132,3
DA:133,2
DA:135,2
DA:137,2
DA:141,2
DA:142,1
DA:147,1
DA:148,1
DA:153,1
DA:154,1
DA:162,3
LF:49
LH:49
BRDA:19,0,0,1
BRDA:19,0,1,5
BRDA:23,1,0,1
BRDA:23,1,1,4
BRDA:76,2,0,1
BRDA:76,2,1,1
BRDA:104,3,0,1
BRDA:104,3,1,2
BRDA:111,4,0,2
BRDA:111,4,1,1
BRDA:112,5,0,2
BRDA:112,5,1,1
BRDA:113,6,0,2
BRDA:113,6,1,2
BRDA:141,7,0,1
BRDA:141,7,1,1
BRF:16
BRH:16
end_of_record
TN:
SF:controllers\authController.js
FN:10,(anonymous_0)
FN:39,(anonymous_1)
FN:65,(anonymous_2)
FNF:3
FNH:0
FNDA:0,(anonymous_0)
FNDA:0,(anonymous_1)
FNDA:0,(anonymous_2)
DA:1,3
DA:2,3
DA:3,3
DA:4,3
DA:6,3
DA:8,3
DA:10,3
DA:11,0
DA:13,0
DA:14,0
DA:17,0
DA:31,0
DA:33,0
DA:34,0
DA:39,3
DA:40,0
DA:42,0
DA:43,0
DA:47,0
DA:48,0
DA:49,0
DA:51,0
DA:52,0
DA:55,0
DA:57,0
DA:60,0
DA:61,0
DA:65,3
DA:66,0
DA:71,3
LF:30
LH:10
BRDA:47,0,0,0
BRDA:47,0,1,0
BRDA:47,1,0,0
BRDA:47,1,1,0
BRDA:51,2,0,0
BRDA:51,2,1,0
BRDA:51,3,0,0
BRDA:51,3,1,0
BRF:8
BRH:0
end_of_record
TN:
SF:controllers\transactionController.js
FN:5,(anonymous_0)
FN:66,(anonymous_1)
FN:76,(anonymous_2)
FNF:3
FNH:3
FNDA:4,(anonymous_0)
FNDA:1,(anonymous_1)
FNDA:2,(anonymous_2)
DA:1,3
DA:2,3
DA:5,3
DA:6,4
DA:7,4
DA:8,4
DA:10,4
DA:11,4
DA:16,4
DA:17,1
DA:19,3
DA:20,1
DA:25,2
DA:26,1
DA:31,1
DA:36,1
DA:42,1
DA:50,1
DA:56,3
DA:57,3
DA:66,3
DA:67,1
DA:68,1
DA:76,3
DA:77,2
DA:79,2
DA:80,2
DA:96,2
DA:97,1
DA:102,1
DA:131,1
DA:132,1
DA:141,3
LF:33
LH:33
BRDA:16,0,0,1
BRDA:16,0,1,3
BRDA:19,1,0,1
BRDA:19,1,1,2
BRDA:19,2,0,3
BRDA:19,2,1,3
BRDA:25,3,0,1
BRDA:25,3,1,1
BRDA:96,4,0,1
BRDA:96,4,1,1
BRF:10
BRH:10
end_of_record
TN:
SF:controllers\userController.js
FN:7,(anonymous_0)
FN:52,(anonymous_1)
FN:62,(anonymous_2)
FN:88,(anonymous_3)
FN:150,(anonymous_4)
FNF:5
FNH:5
FNDA:5,(anonymous_0)
FNDA:1,(anonymous_1)
FNDA:2,(anonymous_2)
FNDA:5,(anonymous_3)
FNDA:2,(anonymous_4)
DA:1,3
DA:2,3
DA:3,3
DA:7,3
DA:8,5
DA:10,5
DA:11,5
DA:12,5
DA:14,5
DA:15,1
DA:18,4
DA:20,4
DA:36,4
DA:42,1
DA:43,1
DA:52,3
DA:53,1
DA:54,1
DA:62,3
DA:63,2
DA:64,2
DA:65,2
DA:70,2
DA:71,1
DA:74,1
DA:79,1
DA:80,1
DA:88,3
DA:89,5
DA:90,5
DA:92,5
DA:93,5
DA:98,5
DA:99,1
DA:103,4
DA:104,4
DA:106,4
DA:110,2
DA:113,2
DA:128,2
DA:134,2
DA:140,3
DA:141,3
DA:150,3
DA:151,2
DA:153,2
DA:154,2
DA:155,2
DA:156,1
DA:159,1
DA:160,1
DA:166,1
DA:167,1
DA:174,3
LF:54
LH:54
BRDA:14,0,0,1
BRDA:14,0,1,4
BRDA:14,1,0,5
BRDA:14,1,1,4
BRDA:70,2,0,1
BRDA:70,2,1,1
BRDA:98,3,0,1
BRDA:98,3,1,4
BRDA:103,4,0,3
BRDA:103,4,1,1
BRDA:104,5,0,3
BRDA:104,5,1,1
BRDA:106,6,0,2
BRDA:106,6,1,2
BRDA:107,7,0,4
BRDA:107,7,1,2
BRDA:107,7,2,3
BRDA:107,7,3,1
BRDA:114,8,0,2
BRDA:114,8,1,2
BRDA:115,9,0,2
BRDA:115,9,1,1
BRDA:116,10,0,2
BRDA:116,10,1,1
BRDA:117,11,0,1
BRDA:117,11,1,1
BRDA:117,12,0,2
BRDA:117,12,1,1
BRDA:117,12,2,1
BRDA:120,13,0,1
BRDA:120,13,1,1
BRDA:121,14,0,1
BRDA:121,14,1,1
BRDA:122,15,0,1
BRDA:122,15,1,1
BRDA:155,16,0,1
BRDA:155,16,1,1
BRF:37
BRH:37
end_of_record
TN:
SF:middlewares\restrict.js
FN:3,(anonymous_0)
FN:7,(anonymous_1)
FNF:2
FNH:0
FNDA:0,(anonymous_0)
FNDA:0,(anonymous_1)
DA:1,3
DA:3,3
DA:4,0
DA:5,0
DA:7,0
DA:8,0
DA:9,0
DA:10,0
DA:14,3
LF:9
LH:3
BRDA:5,0,0,0
BRDA:5,0,1,0
BRDA:8,1,0,0
BRDA:8,1,1,0
BRF:4
BRH:0
end_of_record
TN:
SF:routes\accountRoutes.js
FNF:0
FNH:0
DA:1,3
DA:2,3
DA:4,3
DA:6,3
DA:7,3
DA:8,3
DA:9,3
DA:10,3
DA:12,3
LF:9
LH:9
BRF:0
BRH:0
end_of_record
TN:
SF:routes\authRoutes.js
FN:8,(anonymous_0)
FN:15,(anonymous_1)
FN:22,(anonymous_2)
FNF:3
FNH:0
FNDA:0,(anonymous_0)
FNDA:0,(anonymous_1)
FNDA:0,(anonymous_2)
DA:1,3
DA:2,3
DA:3,3
DA:4,3
DA:8,3
DA:9,0
DA:12,3
DA:15,3
DA:16,0
DA:19,3
DA:20,3
DA:22,3
DA:23,0
DA:24,0
DA:27,3
LF:15
LH:11
BRF:0
BRH:0
end_of_record
TN:
SF:routes\transactionRoutes.js
FNF:0
FNH:0
DA:1,3
DA:2,3
DA:4,3
DA:6,3
DA:7,3
DA:8,3
DA:10,3
LF:7
LH:7
BRF:0
BRH:0
end_of_record
TN:
SF:routes\userRoutes.js
FNF:0
FNH:0
DA:1,3
DA:2,3
DA:4,3
DA:6,3
DA:7,3
DA:8,3
DA:9,3
DA:10,3
DA:12,3
LF:9
LH:9
BRF:0
BRH:0
end_of_record
